  OpenCVApplication.cpp
OpenCVApplication.cpp(92): warning C4244: '=': conversion from 'double' to 'float', possible loss of data
OpenCVApplication.cpp(93): warning C4244: '=': conversion from 'double' to 'float', possible loss of data
OpenCVApplication.cpp(94): warning C4244: '=': conversion from 'double' to 'float', possible loss of data
OpenCVApplication.cpp(95): warning C4244: '=': conversion from 'double' to 'float', possible loss of data
OpenCVApplication.cpp(96): warning C4244: '=': conversion from 'double' to 'float', possible loss of data
OpenCVApplication.cpp(97): warning C4244: '=': conversion from 'double' to 'float', possible loss of data
OpenCVApplication.cpp(98): warning C4244: '=': conversion from 'double' to 'float', possible loss of data
OpenCVApplication.cpp(99): warning C4244: '=': conversion from 'double' to 'float', possible loss of data
OpenCVApplication.cpp(100): warning C4244: '=': conversion from 'double' to 'float', possible loss of data
OpenCVApplication.cpp(203): warning C4244: 'initializing': conversion from 'double' to 'uchar', possible loss of data
OpenCVApplication.cpp(671): warning C4244: '=': conversion from 'float' to 'uchar', possible loss of data
OpenCVApplication.cpp(676): warning C4244: '=': conversion from 'float' to 'uchar', possible loss of data
OpenCVApplication.cpp(691): warning C4244: '=': conversion from 'float' to 'uchar', possible loss of data
OpenCVApplication.cpp(769): warning C4244: '+=': conversion from 'double' to 'long', possible loss of data
OpenCVApplication.cpp(770): warning C4244: '+=': conversion from 'double' to 'long', possible loss of data
OpenCVApplication.cpp(776): warning C4244: 'return': conversion from 'double' to 'float', possible loss of data
OpenCVApplication.cpp(830): warning C4244: 'return': conversion from 'double' to 'float', possible loss of data
OpenCVApplication.cpp(1000): warning C4244: 'initializing': conversion from 'double' to 'int', possible loss of data
OpenCVApplication.cpp(1160): warning C4244: '=': conversion from 'double' to 'uchar', possible loss of data
OpenCVApplication.cpp(1161): warning C4244: '=': conversion from 'double' to 'uchar', possible loss of data
OpenCVApplication.cpp(1162): warning C4244: '=': conversion from 'double' to 'uchar', possible loss of data
  Generating code
  37 of 518 functions ( 7.1%) were compiled, the rest were copied from previous compilation.
    28 functions were new in current compilation
    47 functions had inline decision re-evaluated but remain unchanged
  Finished generating code
  OpenCVApplication.vcxproj -> E:\AN3\Sem2\PI - TiberiuMarita\Lab-FlaviuVancea\OpenCVApplication-VS2015_OCV31_basic\x64\Release\OpenCVApplication.exe
  OpenCV\dll\Release\opencv_ffmpeg310_64.dll
  OpenCV\dll\Release\opencv_world310.dll
          2 file(s) copied.
